<?xml version="1.0" encoding="UTF-8"?>
<coverage generated="1674888074671" clover="3.2.0">
  <project timestamp="1674888074671" name="All files">
    <metrics statements="23" coveredstatements="21" conditionals="2" coveredconditionals="1" methods="9" coveredmethods="8" elements="34" coveredelements="30" complexity="0" loc="23" ncloc="23" packages="1" files="3" classes="3"/>
    <file name="account.js" path="/Users/ella/Documents/bank-tech-test/account.js">
      <metrics statements="5" coveredstatements="5" conditionals="0" coveredconditionals="0" methods="2" coveredmethods="2"/>
      <line num="7" count="6" type="stmt"/>
      <line num="17" count="6" type="stmt"/>
      <line num="18" count="6" type="stmt"/>
      <line num="19" count="6" type="stmt"/>
      <line num="23" count="2" type="stmt"/>
    </file>
    <file name="statement.js" path="/Users/ella/Documents/bank-tech-test/statement.js">
      <metrics statements="3" coveredstatements="3" conditionals="0" coveredconditionals="0" methods="2" coveredmethods="2"/>
      <line num="4" count="1" type="stmt"/>
      <line num="7" count="1" type="stmt"/>
      <line num="10" count="1" type="stmt"/>
    </file>
    <file name="transactionsHistory.js" path="/Users/ella/Documents/bank-tech-test/transactionsHistory.js">
      <metrics statements="15" coveredstatements="13" conditionals="2" coveredconditionals="1" methods="5" coveredmethods="4"/>
      <line num="8" count="12" type="stmt"/>
      <line num="9" count="12" type="stmt"/>
      <line num="10" count="12" type="stmt"/>
      <line num="11" count="12" type="stmt"/>
      <line num="12" count="12" type="cond" truecount="1" falsecount="1"/>
      <line num="15" count="1" type="stmt"/>
      <line num="19" count="1" type="stmt"/>
      <line num="20" count="1" type="stmt"/>
      <line num="29" count="0" type="stmt"/>
      <line num="30" count="0" type="stmt"/>
      <line num="40" count="1" type="stmt"/>
      <line num="41" count="1" type="stmt"/>
      <line num="42" count="1" type="stmt"/>
      <line num="43" count="1" type="stmt"/>
      <line num="47" count="2" type="stmt"/>
    </file>
  </project>
</coverage>
