<?xml version="1.0" encoding="UTF-8"?>
<coverage generated="1674820049882" clover="3.2.0">
  <project timestamp="1674820049882" name="All files">
    <metrics statements="28" coveredstatements="22" conditionals="8" coveredconditionals="3" methods="9" coveredmethods="8" elements="45" coveredelements="33" complexity="0" loc="28" ncloc="28" packages="1" files="3" classes="3"/>
    <file name="account.js" path="/Users/ella/Desktop/tech-test-friday/account.js">
      <metrics statements="5" coveredstatements="5" conditionals="0" coveredconditionals="0" methods="2" coveredmethods="2"/>
      <line num="7" count="4" type="stmt"/>
      <line num="17" count="4" type="stmt"/>
      <line num="18" count="4" type="stmt"/>
      <line num="19" count="4" type="stmt"/>
      <line num="23" count="1" type="stmt"/>
    </file>
    <file name="statement.js" path="/Users/ella/Desktop/tech-test-friday/statement.js">
      <metrics statements="3" coveredstatements="3" conditionals="0" coveredconditionals="0" methods="2" coveredmethods="2"/>
      <line num="4" count="1" type="stmt"/>
      <line num="7" count="1" type="stmt"/>
      <line num="10" count="1" type="stmt"/>
    </file>
    <file name="transactionsHistory.js" path="/Users/ella/Desktop/tech-test-friday/transactionsHistory.js">
      <metrics statements="20" coveredstatements="14" conditionals="8" coveredconditionals="3" methods="5" coveredmethods="4"/>
      <line num="8" count="9" type="stmt"/>
      <line num="9" count="9" type="stmt"/>
      <line num="10" count="9" type="stmt"/>
      <line num="11" count="9" type="stmt"/>
      <line num="12" count="9" type="cond" truecount="1" falsecount="1"/>
      <line num="15" count="8" type="stmt"/>
      <line num="16" count="8" type="cond" truecount="1" falsecount="1"/>
      <line num="17" count="0" type="stmt"/>
      <line num="19" count="8" type="cond" truecount="1" falsecount="1"/>
      <line num="20" count="0" type="stmt"/>
      <line num="21" count="0" type="cond" truecount="0" falsecount="2"/>
      <line num="22" count="0" type="stmt"/>
      <line num="24" count="0" type="stmt"/>
      <line num="26" count="8" type="stmt"/>
      <line num="30" count="1" type="stmt"/>
      <line num="31" count="1" type="stmt"/>
      <line num="32" count="1" type="stmt"/>
      <line num="35" count="0" type="stmt"/>
      <line num="38" count="1" type="stmt"/>
      <line num="42" count="1" type="stmt"/>
    </file>
  </project>
</coverage>
