{"/Users/ella/Desktop/tech-test-friday/account.js": {"path":"/Users/ella/Desktop/tech-test-friday/account.js","statementMap":{"0":{"start":{"line":7,"column":4},"end":{"line":7,"column":23}},"1":{"start":{"line":17,"column":4},"end":{"line":17,"column":21}},"2":{"start":{"line":18,"column":4},"end":{"line":18,"column":44}},"3":{"start":{"line":19,"column":4},"end":{"line":19,"column":27}},"4":{"start":{"line":23,"column":0},"end":{"line":23,"column":25}}},"fnMap":{"0":{"name":"(anonymous_0)","decl":{"start":{"line":6,"column":2},"end":{"line":6,"column":3}},"loc":{"start":{"line":6,"column":16},"end":{"line":8,"column":3}},"line":6},"1":{"name":"(anonymous_1)","decl":{"start":{"line":16,"column":2},"end":{"line":16,"column":3}},"loc":{"start":{"line":16,"column":16},"end":{"line":20,"column":3}},"line":16}},"branchMap":{},"s":{"0":4,"1":4,"2":4,"3":4,"4":1},"f":{"0":4,"1":4},"b":{},"_coverageSchema":"1a1c01bbd47fc00a2c39e90264f33305004495a9","hash":"d455dfa8129125e355b288e47270587e5faf5b84"}
,"/Users/ella/Desktop/tech-test-friday/statement.js": {"path":"/Users/ella/Desktop/tech-test-friday/statement.js","statementMap":{"0":{"start":{"line":4,"column":4},"end":{"line":4,"column":27}},"1":{"start":{"line":7,"column":4},"end":{"line":7,"column":48}},"2":{"start":{"line":10,"column":0},"end":{"line":10,"column":27}}},"fnMap":{"0":{"name":"(anonymous_0)","decl":{"start":{"line":3,"column":2},"end":{"line":3,"column":3}},"loc":{"start":{"line":3,"column":16},"end":{"line":5,"column":3}},"line":3},"1":{"name":"(anonymous_1)","decl":{"start":{"line":6,"column":2},"end":{"line":6,"column":3}},"loc":{"start":{"line":6,"column":19},"end":{"line":8,"column":3}},"line":6}},"branchMap":{},"s":{"0":1,"1":1,"2":1},"f":{"0":1,"1":1},"b":{},"_coverageSchema":"1a1c01bbd47fc00a2c39e90264f33305004495a9","hash":"8051bb611214a51d7c0bfece93411273d5585eec"}
,"/Users/ella/Desktop/tech-test-friday/transactionsHistory.js": {"path":"/Users/ella/Desktop/tech-test-friday/transactionsHistory.js","statementMap":{"0":{"start":{"line":8,"column":4},"end":{"line":8,"column":21}},"1":{"start":{"line":9,"column":4},"end":{"line":9,"column":27}},"2":{"start":{"line":10,"column":4},"end":{"line":10,"column":39}},"3":{"start":{"line":11,"column":4},"end":{"line":11,"column":39}},"4":{"start":{"line":12,"column":4},"end":{"line":12,"column":37}},"5":{"start":{"line":15,"column":4},"end":{"line":15,"column":40}},"6":{"start":{"line":16,"column":4},"end":{"line":18,"column":5}},"7":{"start":{"line":17,"column":6},"end":{"line":17,"column":41}},"8":{"start":{"line":19,"column":4},"end":{"line":25,"column":5}},"9":{"start":{"line":20,"column":6},"end":{"line":20,"column":41}},"10":{"start":{"line":21,"column":6},"end":{"line":23,"column":7}},"11":{"start":{"line":22,"column":8},"end":{"line":22,"column":46}},"12":{"start":{"line":24,"column":6},"end":{"line":24,"column":26}},"13":{"start":{"line":26,"column":4},"end":{"line":26,"column":24}},"14":{"start":{"line":30,"column":4},"end":{"line":30,"column":21}},"15":{"start":{"line":31,"column":4},"end":{"line":31,"column":33}},"16":{"start":{"line":32,"column":4},"end":{"line":32,"column":44}},"17":{"start":{"line":35,"column":4},"end":{"line":35,"column":29}},"18":{"start":{"line":38,"column":4},"end":{"line":38,"column":29}},"19":{"start":{"line":42,"column":0},"end":{"line":42,"column":37}}},"fnMap":{"0":{"name":"(anonymous_0)","decl":{"start":{"line":7,"column":2},"end":{"line":7,"column":3}},"loc":{"start":{"line":7,"column":63},"end":{"line":13,"column":3}},"line":7},"1":{"name":"(anonymous_1)","decl":{"start":{"line":14,"column":2},"end":{"line":14,"column":3}},"loc":{"start":{"line":14,"column":30},"end":{"line":27,"column":3}},"line":14},"2":{"name":"(anonymous_2)","decl":{"start":{"line":29,"column":2},"end":{"line":29,"column":3}},"loc":{"start":{"line":29,"column":16},"end":{"line":33,"column":3}},"line":29},"3":{"name":"(anonymous_3)","decl":{"start":{"line":34,"column":2},"end":{"line":34,"column":3}},"loc":{"start":{"line":34,"column":15},"end":{"line":36,"column":3}},"line":34},"4":{"name":"(anonymous_4)","decl":{"start":{"line":37,"column":2},"end":{"line":37,"column":3}},"loc":{"start":{"line":37,"column":20},"end":{"line":39,"column":3}},"line":37}},"branchMap":{"0":{"loc":{"start":{"line":12,"column":11},"end":{"line":12,"column":36}},"type":"binary-expr","locations":[{"start":{"line":12,"column":11},"end":{"line":12,"column":20}},{"start":{"line":12,"column":24},"end":{"line":12,"column":36}}],"line":12},"1":{"loc":{"start":{"line":16,"column":4},"end":{"line":18,"column":5}},"type":"if","locations":[{"start":{"line":16,"column":4},"end":{"line":18,"column":5}},{"start":{},"end":{}}],"line":16},"2":{"loc":{"start":{"line":19,"column":4},"end":{"line":25,"column":5}},"type":"if","locations":[{"start":{"line":19,"column":4},"end":{"line":25,"column":5}},{"start":{},"end":{}}],"line":19},"3":{"loc":{"start":{"line":21,"column":6},"end":{"line":23,"column":7}},"type":"if","locations":[{"start":{"line":21,"column":6},"end":{"line":23,"column":7}},{"start":{},"end":{}}],"line":21}},"s":{"0":9,"1":9,"2":9,"3":9,"4":9,"5":8,"6":8,"7":0,"8":8,"9":0,"10":0,"11":0,"12":0,"13":8,"14":1,"15":1,"16":1,"17":0,"18":1,"19":1},"f":{"0":9,"1":8,"2":1,"3":0,"4":1},"b":{"0":[9,0],"1":[0,8],"2":[0,8],"3":[0,0]},"_coverageSchema":"1a1c01bbd47fc00a2c39e90264f33305004495a9","hash":"d6de496cfbdfda66aa1fe1e7c48156a156503719"}
}
